2023-04-02 23:44:53.445370 - Initialized conversion of CBT359
2023-04-02 23:44:53.829258 - Received CBT.V504.FILE359.PDS from FILE359.XMI 
2023-04-02 23:44:53.831972 - Found $$$#DATE.txt (text/plain) in CBT.V504.FILE359.PDS, moved to PDS/$$$#DATE
2023-04-02 23:44:53.833075 - Found $$DOC.txt (text/plain) in CBT.V504.FILE359.PDS, moved to PDS/$$DOC
2023-04-02 23:44:53.834129 - Found @FILE359.txt (text/plain) in CBT.V504.FILE359.PDS, moved to PDS/@FILE359
2023-04-02 23:44:53.835283 - Found ADM@PRIM.txt (text/plain) in CBT.V504.FILE359.PDS, moved to PDS/ADM@PRIM
2023-04-02 23:44:53.836330 - Found ADMALLOC.txt (text/plain) in CBT.V504.FILE359.PDS, moved to PDS/ADMALLOC
2023-04-02 23:44:53.837334 - Found ADMALL0C.txt (text/plain) in CBT.V504.FILE359.PDS, moved to PDS/ADMALL0C
2023-04-02 23:44:53.838287 - Found ADMICU.txt (text/plain) in CBT.V504.FILE359.PDS, moved to PDS/ADMICU
2023-04-02 23:44:53.839280 - Found ADMISE.txt (text/plain) in CBT.V504.FILE359.PDS, moved to PDS/ADMISE
2023-04-02 23:44:53.840258 - Found ADMT0000.txt (text/plain) in CBT.V504.FILE359.PDS, moved to PDS/ADMT0000
2023-04-02 23:44:53.841194 - Found ADMT0010.txt (text/plain) in CBT.V504.FILE359.PDS, moved to PDS/ADMT0010
2023-04-02 23:44:53.842091 - Found ADMT0020.txt (text/plain) in CBT.V504.FILE359.PDS, moved to PDS/ADMT0020
2023-04-02 23:44:53.843057 - Found ADMT0030.txt (text/plain) in CBT.V504.FILE359.PDS, moved to PDS/ADMT0030
2023-04-02 23:44:53.843976 - Found ADMT0040.txt (text/plain) in CBT.V504.FILE359.PDS, moved to PDS/ADMT0040
2023-04-02 23:44:53.844882 - Found ADMVSE.txt (text/plain) in CBT.V504.FILE359.PDS, moved to PDS/ADMVSE
2023-04-02 23:44:53.845868 - Found ASMH.txt (text/plain) in CBT.V504.FILE359.PDS, moved to PDS/ASMH
2023-04-02 23:44:53.846767 - Found ASMH#.txt (text/plain) in CBT.V504.FILE359.PDS, moved to PDS/ASMH#
2023-04-02 23:44:53.847813 - Found BURN.txt (text/plain) in CBT.V504.FILE359.PDS, moved to PDS/BURN
2023-04-02 23:44:53.848801 - Found COMPRES#.txt (text/plain) in CBT.V504.FILE359.PDS, moved to PDS/COMPRES#
2023-04-02 23:44:53.849775 - Found COMPRESS.txt (text/plain) in CBT.V504.FILE359.PDS, moved to PDS/COMPRESS
2023-04-02 23:44:53.850729 - Found CPY.txt (text/plain) in CBT.V504.FILE359.PDS, moved to PDS/CPY
2023-04-02 23:44:53.851727 - Found CPY#.txt (text/plain) in CBT.V504.FILE359.PDS, moved to PDS/CPY#
2023-04-02 23:44:53.852685 - Found DATASCAN.txt (text/plain) in CBT.V504.FILE359.PDS, moved to PDS/DATASCAN
2023-04-02 23:44:53.853616 - Found ENQSP.txt (text/plain) in CBT.V504.FILE359.PDS, moved to PDS/ENQSP
2023-04-02 23:44:53.854512 - Found ENQSP#.txt (text/plain) in CBT.V504.FILE359.PDS, moved to PDS/ENQSP#
2023-04-02 23:44:53.855757 - Found EPILOG.txt (text/plain) in CBT.V504.FILE359.PDS, moved to PDS/EPILOG
2023-04-02 23:44:53.856781 - Found HELPLIST.txt (text/plain) in CBT.V504.FILE359.PDS, moved to PDS/HELPLIST
2023-04-02 23:44:53.857780 - Found IDATMSTP.txt (text/plain) in CBT.V504.FILE359.PDS, moved to PDS/IDATMSTP
2023-04-02 23:44:53.858824 - Found IKJEFF10.txt (text/plain) in CBT.V504.FILE359.PDS, moved to PDS/IKJEFF10
2023-04-02 23:44:53.859971 - Found ISR@PRIM.txt (text/plain) in CBT.V504.FILE359.PDS, moved to PDS/ISR@PRIM
2023-04-02 23:44:53.860922 - Found LMVS010.jcl (text/plain) in CBT.V504.FILE359.PDS, moved to PDS/LMVS010
2023-04-02 23:44:53.861870 - Found LMVS015.jcl (text/plain) in CBT.V504.FILE359.PDS, moved to PDS/LMVS015
2023-04-02 23:44:53.862890 - Found LMVS018.jcl (text/plain) in CBT.V504.FILE359.PDS, moved to PDS/LMVS018
2023-04-02 23:44:53.863989 - Found ONL.txt (text/plain) in CBT.V504.FILE359.PDS, moved to PDS/ONL
2023-04-02 23:44:53.864911 - Found PERFORM.txt (text/plain) in CBT.V504.FILE359.PDS, moved to PDS/PERFORM
2023-04-02 23:44:53.865851 - Found PROLOG.txt (text/plain) in CBT.V504.FILE359.PDS, moved to PDS/PROLOG
2023-04-02 23:44:53.866928 - Found SM.txt (text/plain) in CBT.V504.FILE359.PDS, moved to PDS/SM
2023-04-02 23:44:53.868270 - Found VPS@PRIM.txt (text/plain) in CBT.V504.FILE359.PDS, moved to PDS/VPS@PRIM
2023-04-02 23:44:53.869315 - Found VPSOPT01.txt (text/plain) in CBT.V504.FILE359.PDS, moved to PDS/VPSOPT01
2023-04-02 23:44:53.870297 - Found VPSOPT02.txt (text/plain) in CBT.V504.FILE359.PDS, moved to PDS/VPSOPT02
2023-04-02 23:44:53.871410 - Found VPSPRINT.txt (text/plain) in CBT.V504.FILE359.PDS, moved to PDS/VPSPRINT
2023-04-02 23:44:53.872637 - Found VPST0000.txt (text/plain) in CBT.V504.FILE359.PDS, moved to PDS/VPST0000
2023-04-02 23:44:53.873704 - Found VPST0010.txt (text/plain) in CBT.V504.FILE359.PDS, moved to PDS/VPST0010
2023-04-02 23:44:53.874675 - Found VPST0020.txt (text/plain) in CBT.V504.FILE359.PDS, moved to PDS/VPST0020
2023-04-02 23:44:53.876041 - Found VPS01.txt (text/plain) in CBT.V504.FILE359.PDS, moved to PDS/VPS01
2023-04-02 23:44:53.876994 - Found VPS02.txt (text/plain) in CBT.V504.FILE359.PDS, moved to PDS/VPS02
2023-04-02 23:44:53.878100 - Found VPS03.txt (text/plain) in CBT.V504.FILE359.PDS, moved to PDS/VPS03
2023-04-02 23:44:53.879064 - Found WIZARD.txt (text/plain) in CBT.V504.FILE359.PDS, moved to PDS/WIZARD
